<?xml version="1.0" encoding="UTF-8"?>
<!-- Generated by org.testng.reporters.JUnitReportReporter -->
<testsuite hostname="MBP-de-Yusuf" failures="0" tests="1" name="com.draganddrop.DragAndDropTest" time="52.040" errors="0" timestamp="2022-04-20T01:28:21 CEST" skipped="0">
  <testcase classname="com.draganddrop.DragAndDropTest" name="dragAndDropTest" time="52.040"/>
  <system-out/>
</testsuite> <!-- com.draganddrop.DragAndDropTest -->
