<?xml version="1.0" encoding="UTF-8"?>
<!-- Generated by org.testng.reporters.JUnitReportReporter -->
<testsuite hostname="MBP-de-Yusuf" failures="0" tests="1" name="com.draganddrop.tests.DragAndDropTest" time="52.752" errors="0" timestamp="2022-04-20T00:29:54 CEST" skipped="0">
  <testcase classname="com.draganddrop.tests.DragAndDropTest" name="dragAndDropTest" time="52.752"/>
  <system-out/>
</testsuite> <!-- com.draganddrop.tests.DragAndDropTest -->
